#
# There is insufficient memory for the Java Runtime Environment to continue.
# Native memory allocation (malloc) failed to allocate 1048576 bytes. Error detail: AllocateHeap
# Possible reasons:
#   The system is out of physical RAM or swap space
#   This process is running with CompressedOops enabled, and the Java Heap may be blocking the growth of the native heap
# Possible solutions:
#   Reduce memory load on the system
#   Increase physical memory or swap space
#   Check if swap backing store is full
#   Decrease Java heap size (-Xmx/-Xms)
#   Decrease number of Java threads
#   Decrease Java thread stack sizes (-Xss)
#   Set larger code cache with -XX:ReservedCodeCacheSize=
#   JVM is running with Unscaled Compressed Oops mode in which the Java heap is
#     placed in the first 4GB address space. The Java Heap base address is the
#     maximum limit for the native heap growth. Please use -XX:HeapBaseMinAddress
#     to set the Java Heap base and to place the Java Heap above 4GB virtual address.
# This output file may be truncated or incomplete.
#
#  Out of Memory Error (allocation.cpp:44), pid=46848, tid=14992
#
# JRE version: OpenJDK Runtime Environment Temurin-21.0.9+10 (21.0.9+10) (build 21.0.9+10-LTS)
# Java VM: OpenJDK 64-Bit Server VM Temurin-21.0.9+10 (21.0.9+10-LTS, mixed mode, sharing, tiered, compressed oops, compressed class ptrs, parallel gc, windows-amd64)
# No core dump will be written. Minidumps are not enabled by default on client versions of Windows
#

---------------  S U M M A R Y ------------

Command Line: --add-modules=ALL-SYSTEM --add-opens=java.base/java.util=ALL-UNNAMED --add-opens=java.base/java.lang=ALL-UNNAMED --add-opens=java.base/sun.nio.fs=ALL-UNNAMED -Declipse.application=org.eclipse.jdt.ls.core.id1 -Dosgi.bundles.defaultStartLevel=4 -Declipse.product=org.eclipse.jdt.ls.core.product -Djava.import.generatesMetadataFilesAtProjectRoot=false -DDetectVMInstallationsJob.disabled=true -Dfile.encoding=utf8 -XX:+UseParallelGC -XX:GCTimeRatio=4 -XX:AdaptiveSizePolicyWeight=90 -Dsun.zip.disableMemoryMapping=true -Xmx2G -Xms100m -Xlog:disable -javaagent:c:\Users\MSI\.vscode\extensions\redhat.java-1.50.0-win32-x64\lombok\lombok-1.18.39-4050.jar -XX:+HeapDumpOnOutOfMemoryError -XX:HeapDumpPath=c:\Users\MSI\AppData\Roaming\Code\User\workspaceStorage\406cc2c16eb1ae7f946f23df1014b586\redhat.java -Daether.dependencyCollector.impl=bf c:\Users\MSI\.vscode\extensions\redhat.java-1.50.0-win32-x64\server\plugins\org.eclipse.equinox.launcher_1.7.100.v20251111-0406.jar -configuration c:\Users\MSI\AppData\Roaming\Code\User\globalStorage\redhat.java\1.50.0\config_win -data c:\Users\MSI\AppData\Roaming\Code\User\workspaceStorage\406cc2c16eb1ae7f946f23df1014b586\redhat.java\jdt_ws --pipe=\\.\pipe\lsp-b26cc3c6ef0a933e5c721303174c4be8-sock

Host: 13th Gen Intel(R) Core(TM) i7-13620H, 16 cores, 15G,  Windows 11 , 64 bit Build 26100 (10.0.26100.7309)
Time: Sat Dec 20 17:52:51 2025 elapsed time: 7915.274933 seconds (0d 2h 11m 55s)

---------------  T H R E A D  ---------------

Current thread (0x000001cdcabf9370):  JavaThread "Attach Listener" daemon [_thread_in_vm, id=14992, stack(0x00000068bf900000,0x00000068bfa00000) (1024K)]

Stack: [0x00000068bf900000,0x00000068bfa00000]
Native frames: (J=compiled Java code, j=interpreted, Vv=VM code, C=native code)
V  [jvm.dll+0x6d6e29]
V  [jvm.dll+0x8b4b76]
V  [jvm.dll+0x8b712e]
V  [jvm.dll+0x8b7813]
V  [jvm.dll+0x283d86]
V  [jvm.dll+0xc1277]
V  [jvm.dll+0x6d76d9]
V  [jvm.dll+0x133466]
V  [jvm.dll+0x3f7ea6]
V  [jvm.dll+0x85e9ad]
V  [jvm.dll+0x6d565d]
C  [ucrtbase.dll+0x37b0]
C  [KERNEL32.DLL+0x2e8d7]
C  [ntdll.dll+0x8c53c]


---------------  P R O C E S S  ---------------

Threads class SMR info:
_java_thread_list=0x000001cdec709d00, length=42, elements={
0x000001cdcab4f240, 0x000001cde15fcbc0, 0x000001cdcabf4200, 0x000001cdcabf85f0,
0x000001cdcabf9370, 0x000001cdcabfc000, 0x000001cdcabfccd0, 0x000001cdcabffb10,
0x000001cde2a2b2e0, 0x000001cde2c16740, 0x000001cde429a0b0, 0x000001cde90a2f30,
0x000001cde450f170, 0x000001cde450ca10, 0x000001cde450d0a0, 0x000001cde450bcf0,
0x000001cde450eae0, 0x000001cde450d730, 0x000001cde450c380, 0x000001cdeae66650,
0x000001cdeae66ce0, 0x000001cdeae69440, 0x000001cdeae6a160, 0x000001cdeae68db0,
0x000001cdeae67370, 0x000001cdeae67a00, 0x000001cdeae6b510, 0x000001cdeae68720,
0x000001cdeae6ae80, 0x000001cdeae68090, 0x000001cdeae6bba0, 0x000001cdeae6c230,
0x000001cdeae6c8c0, 0x000001cdeae6cf50, 0x000001cdeae6d5e0, 0x000001cdeae6dc70,
0x000001cde9910650, 0x000001cde990f2a0, 0x000001cde9910ce0, 0x000001cde990ffc0,
0x000001cde990d860, 0x000001cded27aac0
}

Java Threads: ( => current thread )
  0x000001cdcab4f240 JavaThread "main"                              [_thread_blocked, id=20976, stack(0x00000068bf200000,0x00000068bf300000) (1024K)]
  0x000001cde15fcbc0 JavaThread "Reference Handler"          daemon [_thread_blocked, id=12104, stack(0x00000068bf600000,0x00000068bf700000) (1024K)]
  0x000001cdcabf4200 JavaThread "Finalizer"                  daemon [_thread_blocked, id=17852, stack(0x00000068bf700000,0x00000068bf800000) (1024K)]
  0x000001cdcabf85f0 JavaThread "Signal Dispatcher"          daemon [_thread_blocked, id=26780, stack(0x00000068bf800000,0x00000068bf900000) (1024K)]
=>0x000001cdcabf9370 JavaThread "Attach Listener"            daemon [_thread_in_vm, id=14992, stack(0x00000068bf900000,0x00000068bfa00000) (1024K)]
  0x000001cdcabfc000 JavaThread "Service Thread"             daemon [_thread_blocked, id=1912, stack(0x00000068bfa00000,0x00000068bfb00000) (1024K)]
  0x000001cdcabfccd0 JavaThread "Monitor Deflation Thread"   daemon [_thread_blocked, id=41784, stack(0x00000068bfb00000,0x00000068bfc00000) (1024K)]
  0x000001cdcabffb10 JavaThread "C2 CompilerThread0"         daemon [_thread_blocked, id=35012, stack(0x00000068bfc00000,0x00000068bfd00000) (1024K)]
  0x000001cde2a2b2e0 JavaThread "C1 CompilerThread0"         daemon [_thread_blocked, id=18048, stack(0x00000068bfd00000,0x00000068bfe00000) (1024K)]
  0x000001cde2c16740 JavaThread "Common-Cleaner"             daemon [_thread_blocked, id=54944, stack(0x00000068c0100000,0x00000068c0200000) (1024K)]
  0x000001cde429a0b0 JavaThread "Notification Thread"        daemon [_thread_blocked, id=33312, stack(0x00000068c0000000,0x00000068c0100000) (1024K)]
  0x000001cde90a2f30 JavaThread "Active Thread: Equinox Container: 3c81f86e-4820-46cd-9cc5-f599c28e2f60"        [_thread_blocked, id=40432, stack(0x00000068c0b00000,0x00000068c0c00000) (1024K)]
  0x000001cde450f170 JavaThread "Refresh Thread: Equinox Container: 3c81f86e-4820-46cd-9cc5-f599c28e2f60" daemon [_thread_blocked, id=36716, stack(0x00000068c0200000,0x00000068c0300000) (1024K)]
  0x000001cde450ca10 JavaThread "Framework Event Dispatcher: Equinox Container: 3c81f86e-4820-46cd-9cc5-f599c28e2f60" daemon [_thread_blocked, id=48004, stack(0x00000068c0900000,0x00000068c0a00000) (1024K)]
  0x000001cde450d0a0 JavaThread "Start Level: Equinox Container: 3c81f86e-4820-46cd-9cc5-f599c28e2f60" daemon [_thread_blocked, id=18580, stack(0x00000068c0a00000,0x00000068c0b00000) (1024K)]
  0x000001cde450bcf0 JavaThread "Bundle File Closer"         daemon [_thread_blocked, id=45032, stack(0x00000068c0f00000,0x00000068c1000000) (1024K)]
  0x000001cde450eae0 JavaThread "SCR Component Actor"        daemon [_thread_blocked, id=51308, stack(0x00000068c0e00000,0x00000068c0f00000) (1024K)]
  0x000001cde450d730 JavaThread "Worker-JM"                         [_thread_blocked, id=35624, stack(0x00000068c1400000,0x00000068c1500000) (1024K)]
  0x000001cde450c380 JavaThread "JNA Cleaner"                daemon [_thread_blocked, id=46324, stack(0x00000068c1500000,0x00000068c1600000) (1024K)]
  0x000001cdeae66650 JavaThread "Java indexing"              daemon [_thread_blocked, id=48684, stack(0x00000068bef00000,0x00000068bf000000) (1024K)]
  0x000001cdeae66ce0 JavaThread "Worker-3"                          [_thread_blocked, id=39772, stack(0x00000068c2000000,0x00000068c2100000) (1024K)]
  0x000001cdeae69440 JavaThread "Thread-1"                   daemon [_thread_in_native, id=18444, stack(0x00000068c1900000,0x00000068c1a00000) (1024K)]
  0x000001cdeae6a160 JavaThread "Thread-2"                   daemon [_thread_in_native, id=49156, stack(0x00000068c1a00000,0x00000068c1b00000) (1024K)]
  0x000001cdeae68db0 JavaThread "Thread-3"                   daemon [_thread_in_native, id=20436, stack(0x00000068c1b00000,0x00000068c1c00000) (1024K)]
  0x000001cdeae67370 JavaThread "Thread-4"                   daemon [_thread_in_native, id=41840, stack(0x00000068c2200000,0x00000068c2300000) (1024K)]
  0x000001cdeae67a00 JavaThread "Thread-5"                   daemon [_thread_in_native, id=900, stack(0x00000068c2300000,0x00000068c2400000) (1024K)]
  0x000001cdeae6b510 JavaThread "Thread-6"                   daemon [_thread_in_native, id=33692, stack(0x00000068c2400000,0x00000068c2500000) (1024K)]
  0x000001cdeae68720 JavaThread "Thread-7"                   daemon [_thread_in_native, id=49956, stack(0x00000068c2500000,0x00000068c2600000) (1024K)]
  0x000001cdeae6ae80 JavaThread "Thread-8"                   daemon [_thread_in_native, id=47760, stack(0x00000068c2600000,0x00000068c2700000) (1024K)]
  0x000001cdeae68090 JavaThread "Thread-9"                   daemon [_thread_in_native, id=51236, stack(0x00000068c2700000,0x00000068c2800000) (1024K)]
  0x000001cdeae6bba0 JavaThread "Thread-10"                  daemon [_thread_in_native, id=48240, stack(0x00000068c2800000,0x00000068c2900000) (1024K)]
  0x000001cdeae6c230 JavaThread "Thread-11"                  daemon [_thread_in_native, id=20392, stack(0x00000068c2900000,0x00000068c2a00000) (1024K)]
  0x000001cdeae6c8c0 JavaThread "Thread-12"                  daemon [_thread_in_native, id=15116, stack(0x00000068c2a00000,0x00000068c2b00000) (1024K)]
  0x000001cdeae6cf50 JavaThread "Thread-13"                  daemon [_thread_in_native, id=55100, stack(0x00000068c2b00000,0x00000068c2c00000) (1024K)]
  0x000001cdeae6d5e0 JavaThread "Thread-14"                  daemon [_thread_in_native, id=47756, stack(0x00000068c2c00000,0x00000068c2d00000) (1024K)]
  0x000001cdeae6dc70 JavaThread "Thread-15"                  daemon [_thread_in_native, id=18548, stack(0x00000068c2d00000,0x00000068c2e00000) (1024K)]
  0x000001cde9910650 JavaThread "Thread-16"                  daemon [_thread_in_native, id=54184, stack(0x00000068c2e00000,0x00000068c2f00000) (1024K)]
  0x000001cde990f2a0 JavaThread "Thread-17"                  daemon [_thread_in_native, id=2056, stack(0x00000068c2f00000,0x00000068c3000000) (1024K)]
  0x000001cde9910ce0 JavaThread "pool-2-thread-1"                   [_thread_blocked, id=21952, stack(0x00000068c3000000,0x00000068c3100000) (1024K)]
  0x000001cde990ffc0 JavaThread "WorkspaceEventsHandler"            [_thread_blocked, id=13824, stack(0x00000068c3400000,0x00000068c3500000) (1024K)]
  0x000001cde990d860 JavaThread "pool-1-thread-1"                   [_thread_blocked, id=612, stack(0x00000068c3500000,0x00000068c3600000) (1024K)]
  0x000001cded27aac0 JavaThread "Worker-7"                          [_thread_blocked, id=33096, stack(0x00000068c5b00000,0x00000068c5c00000) (1024K)]
Total: 42

Other Threads:
  0x000001cde15e4100 VMThread "VM Thread"                           [id=13048, stack(0x00000068bf500000,0x00000068bf600000) (1024K)]
  0x000001cde14dba00 WatcherThread "VM Periodic Task Thread"        [id=38368, stack(0x00000068bf400000,0x00000068bf500000) (1024K)]
  0x000001cdcab6d610 WorkerThread "GC Thread#0"                     [id=31384, stack(0x00000068bf300000,0x00000068bf400000) (1024K)]
  0x000001cde432ac10 WorkerThread "GC Thread#1"                     [id=16152, stack(0x00000068c0300000,0x00000068c0400000) (1024K)]
  0x000001cde47a97a0 WorkerThread "GC Thread#2"                     [id=5408, stack(0x00000068c0400000,0x00000068c0500000) (1024K)]
  0x000001cde47a9b40 WorkerThread "GC Thread#3"                     [id=33724, stack(0x00000068c0500000,0x00000068c0600000) (1024K)]
  0x000001cde4876990 WorkerThread "GC Thread#4"                     [id=13076, stack(0x00000068c0600000,0x00000068c0700000) (1024K)]
  0x000001cde4876d30 WorkerThread "GC Thread#5"                     [id=14260, stack(0x00000068c0700000,0x00000068c0800000) (1024K)]
  0x000001cde48770d0 WorkerThread "GC Thread#6"                     [id=28288, stack(0x00000068c0800000,0x00000068c0900000) (1024K)]
  0x000001cde2ac5560 WorkerThread "GC Thread#7"                     [id=53012, stack(0x00000068bff00000,0x00000068c0000000) (1024K)]
  0x000001cde2d14af0 WorkerThread "GC Thread#8"                     [id=29816, stack(0x00000068bfe00000,0x00000068bff00000) (1024K)]
  0x000001cde2d14010 WorkerThread "GC Thread#9"                     [id=55184, stack(0x00000068c0c00000,0x00000068c0d00000) (1024K)]
  0x000001cde2d13530 WorkerThread "GC Thread#10"                    [id=31664, stack(0x00000068c0d00000,0x00000068c0e00000) (1024K)]
  0x000001cde2d14e90 WorkerThread "GC Thread#11"                    [id=40336, stack(0x00000068c1000000,0x00000068c1100000) (1024K)]
  0x000001cde2d138d0 WorkerThread "GC Thread#12"                    [id=10872, stack(0x00000068c1100000,0x00000068c1200000) (1024K)]
Total: 15

Threads with active compile tasks:
Total: 0

VM state: not at safepoint (normal execution)

VM Mutex/Monitor currently owned by a thread: None

Heap address: 0x0000000080000000, size: 2048 MB, Compressed Oops mode: 32-bit

CDS archive(s) mapped at: [0x000001cd80000000-0x000001cd80ba0000-0x000001cd80ba0000), size 12189696, SharedBaseAddress: 0x000001cd80000000, ArchiveRelocationMode: 1.
Compressed class space mapped at: 0x000001cd81000000-0x000001cdc1000000, reserved size: 1073741824
Narrow klass base: 0x000001cd80000000, Narrow klass shift: 0, Narrow klass range: 0x100000000

GC Precious Log:
 CardTable entry size: 512
 CPUs: 16 total, 16 available
 Memory: 16155M
 Large Page Support: Disabled
 NUMA Support: Disabled
 Compressed Oops: Enabled (32-bit)
 Alignments: Space 512K, Generation 512K, Heap 2M
 Heap Min Capacity: 100M
 Heap Initial Capacity: 100M
 Heap Max Capacity: 2G
 Pre-touch: Disabled
 Parallel Workers: 13

Heap:
 PSYoungGen      total 2560K, used 521K [0x00000000d5580000, 0x00000000d5900000, 0x0000000100000000)
  eden space 2048K, 11% used [0x00000000d5580000,0x00000000d55ba750,0x00000000d5780000)
  from space 512K, 56% used [0x00000000d5800000,0x00000000d5848000,0x00000000d5880000)
  to   space 512K, 0% used [0x00000000d5880000,0x00000000d5880000,0x00000000d5900000)
 ParOldGen       total 429056K, used 429041K [0x0000000080000000, 0x000000009a300000, 0x00000000d5580000)
  object space 429056K, 99% used [0x0000000080000000,0x000000009a2fc790,0x000000009a300000)
 Metaspace       used 77885K, committed 79680K, reserved 1179648K
  class space    used 8167K, committed 8960K, reserved 1048576K

Card table byte_map: [0x000001cdca4f0000,0x000001cdca900000] _byte_map_base: 0x000001cdca0f0000

Marking Bits: (ParMarkBitMap*) 0x00007ffeda202460
 Begin Bits: [0x000001cddd000000, 0x000001cddf000000)
 End Bits:   [0x000001cddf000000, 0x000001cde1000000)

Polling page: 0x000001cdc8960000

Metaspace:

Usage:
  Non-class:     68.08 MB used.
      Class:      7.98 MB used.
       Both:     76.06 MB used.

Virtual space:
  Non-class space:      128.00 MB reserved,      69.06 MB ( 54%) committed,  2 nodes.
      Class space:        1.00 GB reserved,       8.75 MB ( <1%) committed,  1 nodes.
             Both:        1.12 GB reserved,      77.81 MB (  7%) committed. 

Chunk freelists:
   Non-Class:  10.72 MB
       Class:  7.08 MB
        Both:  17.80 MB

MaxMetaspaceSize: unlimited
CompressedClassSpaceSize: 1.00 GB
Initial GC threshold: 21.00 MB
Current GC threshold: 118.44 MB
CDS: on
 - commit_granule_bytes: 65536.
 - commit_granule_words: 8192.
 - virtual_space_node_default_size: 8388608.
 - enlarge_chunks_in_place: 1.
 - use_allocation_guard: 0.


Internal statistics:

num_allocs_failed_limit: 9.
num_arena_births: 1476.
num_arena_deaths: 108.
num_vsnodes_births: 3.
num_vsnodes_deaths: 0.
num_space_committed: 1245.
num_space_uncommitted: 0.
num_chunks_returned_to_freelist: 160.
num_chunks_taken_from_freelist: 5143.
num_chunk_merges: 67.
num_chunk_splits: 3085.
num_chunks_enlarged: 1731.
num_inconsistent_stats: 0.

CodeHeap 'non-profiled nmethods': size=119168Kb used=18494Kb max_used=18494Kb free=100673Kb
 bounds [0x000001cdd58f0000, 0x000001cdd6b00000, 0x000001cddcd50000]
CodeHeap 'profiled nmethods': size=119104Kb used=37834Kb max_used=37834Kb free=81269Kb
 bounds [0x000001cdcdd50000, 0x000001cdd0250000, 0x000001cdd51a0000]
CodeHeap 'non-nmethods': size=7488Kb used=1476Kb max_used=3235Kb free=6011Kb
 bounds [0x000001cdd51a0000, 0x000001cdd54d0000, 0x000001cdd58f0000]
CodeCache: size=245760Kb, used=57804Kb, max_used=59563Kb, free=187953Kb
 total_blobs=16567, nmethods=15774, adapters=697, full_count=0
Compilation: enabled, stopped_count=0, restarted_count=0

Compilation events (20 events):
Event: 7023.153 Thread 0x000001cde2a2b2e0 17763       3       jdk.internal.logger.DefaultLoggerFinder::isSystem (18 bytes)
Event: 7023.185 Thread 0x000001cde2a2b2e0 nmethod 17763 0x000001cdd023ed90 code [0x000001cdd023efe0, 0x000001cdd023f8e0]
Event: 7023.185 Thread 0x000001cde2a2b2e0 17764       3       jdk.internal.logger.DefaultLoggerFinder$1::<init> (10 bytes)
Event: 7023.185 Thread 0x000001cde2a2b2e0 nmethod 17764 0x000001cdd023fc90 code [0x000001cdd023fe40, 0x000001cdd023ffc8]
Event: 7023.185 Thread 0x000001cde2a2b2e0 17765       3       jdk.internal.logger.DefaultLoggerFinder$1::run (5 bytes)
Event: 7023.191 Thread 0x000001cde2a2b2e0 nmethod 17765 0x000001cdd0240090 code [0x000001cdd02402a0, 0x000001cdd0240910]
Event: 7023.191 Thread 0x000001cde2a2b2e0 17766       3       jdk.internal.logger.DefaultLoggerFinder$1::run (14 bytes)
Event: 7023.192 Thread 0x000001cde2a2b2e0 nmethod 17766 0x000001cdd0240b90 code [0x000001cdd0240da0, 0x000001cdd02413a8]
Event: 7509.092 Thread 0x000001cde2a2b2e0 17768       3       org.eclipse.osgi.storage.Storage::isReadOnly (10 bytes)
Event: 7509.998 Thread 0x000001cde2a2b2e0 nmethod 17768 0x000001cdd0241610 code [0x000001cdd02417c0, 0x000001cdd0241940]
Event: 7529.048 Thread 0x000001cdcabffb10 17769       4       org.eclipse.core.internal.utils.StringPool::add (50 bytes)
Event: 7529.269 Thread 0x000001cdcabffb10 nmethod 17769 0x000001cdd6afde90 code [0x000001cdd6afe100, 0x000001cdd6afec58]
Event: 7529.269 Thread 0x000001cdcabffb10 17770       4       org.eclipse.core.internal.dtree.AbstractDataTreeNode::storeStrings (42 bytes)
Event: 7529.285 Thread 0x000001cdcabffb10 nmethod 17770 0x000001cdd6aff410 code [0x000001cdd6aff5c0, 0x000001cdd6aff768]
Event: 7689.140 Thread 0x000001cde2a2b2e0 17771   !   3       org.eclipse.osgi.internal.framework.StorageSaver$StorageSaverTask::run (31 bytes)
Event: 7689.184 Thread 0x000001cde2a2b2e0 nmethod 17771 0x000001cdd0241a10 code [0x000001cdd0241be0, 0x000001cdd0241e80]
Event: 7689.184 Thread 0x000001cde2a2b2e0 17772   !   3       org.eclipse.osgi.storage.Storage::save (62 bytes)
Event: 7689.194 Thread 0x000001cde2a2b2e0 nmethod 17772 0x000001cdd0242010 code [0x000001cdd0242200, 0x000001cdd0242570]
Event: 7713.519 Thread 0x000001cde2a2b2e0 17774       3       java.util.logging.Logger::getLogger (8 bytes)
Event: 7713.742 Thread 0x000001cde2a2b2e0 nmethod 17774 0x000001cdd0242710 code [0x000001cdd02428e0, 0x000001cdd0242aa0]

GC Heap History (20 events):
Event: 254.324 GC heap before
{Heap before GC invocations=1799 (full 4):
 PSYoungGen      total 2560K, used 2560K [0x00000000d5580000, 0x00000000d5980000, 0x0000000100000000)
  eden space 2048K, 100% used [0x00000000d5580000,0x00000000d5780000,0x00000000d5780000)
  from space 512K, 100% used [0x00000000d5780000,0x00000000d5800000,0x00000000d5800000)
  to   space 1024K, 0% used [0x00000000d5880000,0x00000000d5880000,0x00000000d5980000)
 ParOldGen       total 427520K, used 427410K [0x0000000080000000, 0x000000009a180000, 0x00000000d5580000)
  object space 427520K, 99% used [0x0000000080000000,0x000000009a164a38,0x000000009a180000)
 Metaspace       used 76846K, committed 78592K, reserved 1179648K
  class space    used 8063K, committed 8832K, reserved 1048576K
}
Event: 254.328 GC heap after
{Heap after GC invocations=1799 (full 4):
 PSYoungGen      total 3072K, used 480K [0x00000000d5580000, 0x00000000d5980000, 0x0000000100000000)
  eden space 2048K, 0% used [0x00000000d5580000,0x00000000d5580000,0x00000000d5780000)
  from space 1024K, 46% used [0x00000000d5880000,0x00000000d58f8000,0x00000000d5980000)
  to   space 1024K, 0% used [0x00000000d5780000,0x00000000d5780000,0x00000000d5880000)
 ParOldGen       total 428032K, used 427714K [0x0000000080000000, 0x000000009a200000, 0x00000000d5580000)
  object space 428032K, 99% used [0x0000000080000000,0x000000009a1b0a38,0x000000009a200000)
 Metaspace       used 76846K, committed 78592K, reserved 1179648K
  class space    used 8063K, committed 8832K, reserved 1048576K
}
Event: 254.512 GC heap before
{Heap before GC invocations=1800 (full 4):
 PSYoungGen      total 3072K, used 2528K [0x00000000d5580000, 0x00000000d5980000, 0x0000000100000000)
  eden space 2048K, 100% used [0x00000000d5580000,0x00000000d5780000,0x00000000d5780000)
  from space 1024K, 46% used [0x00000000d5880000,0x00000000d58f8000,0x00000000d5980000)
  to   space 1024K, 0% used [0x00000000d5780000,0x00000000d5780000,0x00000000d5880000)
 ParOldGen       total 428032K, used 427714K [0x0000000080000000, 0x000000009a200000, 0x00000000d5580000)
  object space 428032K, 99% used [0x0000000080000000,0x000000009a1b0a38,0x000000009a200000)
 Metaspace       used 77017K, committed 78784K, reserved 1179648K
  class space    used 8074K, committed 8896K, reserved 1048576K
}
Event: 254.516 GC heap after
{Heap after GC invocations=1800 (full 4):
 PSYoungGen      total 3072K, used 448K [0x00000000d5580000, 0x00000000d5900000, 0x0000000100000000)
  eden space 2048K, 0% used [0x00000000d5580000,0x00000000d5580000,0x00000000d5780000)
  from space 1024K, 43% used [0x00000000d5780000,0x00000000d57f0000,0x00000000d5880000)
  to   space 512K, 0% used [0x00000000d5880000,0x00000000d5880000,0x00000000d5900000)
 ParOldGen       total 428032K, used 427866K [0x0000000080000000, 0x000000009a200000, 0x00000000d5580000)
  object space 428032K, 99% used [0x0000000080000000,0x000000009a1d6a38,0x000000009a200000)
 Metaspace       used 77017K, committed 78784K, reserved 1179648K
  class space    used 8074K, committed 8896K, reserved 1048576K
}
Event: 254.717 GC heap before
{Heap before GC invocations=1801 (full 4):
 PSYoungGen      total 3072K, used 2496K [0x00000000d5580000, 0x00000000d5900000, 0x0000000100000000)
  eden space 2048K, 100% used [0x00000000d5580000,0x00000000d5780000,0x00000000d5780000)
  from space 1024K, 43% used [0x00000000d5780000,0x00000000d57f0000,0x00000000d5880000)
  to   space 512K, 0% used [0x00000000d5880000,0x00000000d5880000,0x00000000d5900000)
 ParOldGen       total 428032K, used 427866K [0x0000000080000000, 0x000000009a200000, 0x00000000d5580000)
  object space 428032K, 99% used [0x0000000080000000,0x000000009a1d6a38,0x000000009a200000)
 Metaspace       used 77228K, committed 78976K, reserved 1179648K
  class space    used 8096K, committed 8896K, reserved 1048576K
}
Event: 254.719 GC heap after
{Heap after GC invocations=1801 (full 4):
 PSYoungGen      total 2560K, used 352K [0x00000000d5580000, 0x00000000d5900000, 0x0000000100000000)
  eden space 2048K, 0% used [0x00000000d5580000,0x00000000d5580000,0x00000000d5780000)
  from space 512K, 68% used [0x00000000d5880000,0x00000000d58d8000,0x00000000d5900000)
  to   space 512K, 0% used [0x00000000d5800000,0x00000000d5800000,0x00000000d5880000)
 ParOldGen       total 428544K, used 428050K [0x0000000080000000, 0x000000009a280000, 0x00000000d5580000)
  object space 428544K, 99% used [0x0000000080000000,0x000000009a204a38,0x000000009a280000)
 Metaspace       used 77228K, committed 78976K, reserved 1179648K
  class space    used 8096K, committed 8896K, reserved 1048576K
}
Event: 254.976 GC heap before
{Heap before GC invocations=1802 (full 4):
 PSYoungGen      total 2560K, used 2399K [0x00000000d5580000, 0x00000000d5900000, 0x0000000100000000)
  eden space 2048K, 99% used [0x00000000d5580000,0x00000000d577fff8,0x00000000d5780000)
  from space 512K, 68% used [0x00000000d5880000,0x00000000d58d8000,0x00000000d5900000)
  to   space 512K, 0% used [0x00000000d5800000,0x00000000d5800000,0x00000000d5880000)
 ParOldGen       total 428544K, used 428050K [0x0000000080000000, 0x000000009a280000, 0x00000000d5580000)
  object space 428544K, 99% used [0x0000000080000000,0x000000009a204a38,0x000000009a280000)
 Metaspace       used 77277K, committed 79040K, reserved 1179648K
  class space    used 8098K, committed 8896K, reserved 1048576K
}
Event: 254.978 GC heap after
{Heap after GC invocations=1802 (full 4):
 PSYoungGen      total 2560K, used 320K [0x00000000d5580000, 0x00000000d5900000, 0x0000000100000000)
  eden space 2048K, 0% used [0x00000000d5580000,0x00000000d5580000,0x00000000d5780000)
  from space 512K, 62% used [0x00000000d5800000,0x00000000d5850000,0x00000000d5880000)
  to   space 512K, 0% used [0x00000000d5880000,0x00000000d5880000,0x00000000d5900000)
 ParOldGen       total 428544K, used 428162K [0x0000000080000000, 0x000000009a280000, 0x00000000d5580000)
  object space 428544K, 99% used [0x0000000080000000,0x000000009a220a48,0x000000009a280000)
 Metaspace       used 77277K, committed 79040K, reserved 1179648K
  class space    used 8098K, committed 8896K, reserved 1048576K
}
Event: 255.036 GC heap before
{Heap before GC invocations=1803 (full 4):
 PSYoungGen      total 2560K, used 2367K [0x00000000d5580000, 0x00000000d5900000, 0x0000000100000000)
  eden space 2048K, 99% used [0x00000000d5580000,0x00000000d577fe90,0x00000000d5780000)
  from space 512K, 62% used [0x00000000d5800000,0x00000000d5850000,0x00000000d5880000)
  to   space 512K, 0% used [0x00000000d5880000,0x00000000d5880000,0x00000000d5900000)
 ParOldGen       total 428544K, used 428162K [0x0000000080000000, 0x000000009a280000, 0x00000000d5580000)
  object space 428544K, 99% used [0x0000000080000000,0x000000009a220a48,0x000000009a280000)
 Metaspace       used 77469K, committed 79168K, reserved 1179648K
  class space    used 8125K, committed 8896K, reserved 1048576K
}
Event: 255.038 GC heap after
{Heap after GC invocations=1803 (full 4):
 PSYoungGen      total 2560K, used 320K [0x00000000d5580000, 0x00000000d5900000, 0x0000000100000000)
  eden space 2048K, 0% used [0x00000000d5580000,0x00000000d5580000,0x00000000d5780000)
  from space 512K, 62% used [0x00000000d5880000,0x00000000d58d0000,0x00000000d5900000)
  to   space 512K, 0% used [0x00000000d5800000,0x00000000d5800000,0x00000000d5880000)
 ParOldGen       total 428544K, used 428282K [0x0000000080000000, 0x000000009a280000, 0x00000000d5580000)
  object space 428544K, 99% used [0x0000000080000000,0x000000009a23ea48,0x000000009a280000)
 Metaspace       used 77469K, committed 79168K, reserved 1179648K
  class space    used 8125K, committed 8896K, reserved 1048576K
}
Event: 489.198 GC heap before
{Heap before GC invocations=1804 (full 4):
 PSYoungGen      total 2560K, used 2368K [0x00000000d5580000, 0x00000000d5900000, 0x0000000100000000)
  eden space 2048K, 100% used [0x00000000d5580000,0x00000000d5780000,0x00000000d5780000)
  from space 512K, 62% used [0x00000000d5880000,0x00000000d58d0000,0x00000000d5900000)
  to   space 512K, 0% used [0x00000000d5800000,0x00000000d5800000,0x00000000d5880000)
 ParOldGen       total 428544K, used 428282K [0x0000000080000000, 0x000000009a280000, 0x00000000d5580000)
  object space 428544K, 99% used [0x0000000080000000,0x000000009a23ea48,0x000000009a280000)
 Metaspace       used 77665K, committed 79488K, reserved 1179648K
  class space    used 8151K, committed 8960K, reserved 1048576K
}
Event: 489.200 GC heap after
{Heap after GC invocations=1804 (full 4):
 PSYoungGen      total 2560K, used 352K [0x00000000d5580000, 0x00000000d5900000, 0x0000000100000000)
  eden space 2048K, 0% used [0x00000000d5580000,0x00000000d5580000,0x00000000d5780000)
  from space 512K, 68% used [0x00000000d5800000,0x00000000d5858000,0x00000000d5880000)
  to   space 512K, 0% used [0x00000000d5880000,0x00000000d5880000,0x00000000d5900000)
 ParOldGen       total 428544K, used 428362K [0x0000000080000000, 0x000000009a280000, 0x00000000d5580000)
  object space 428544K, 99% used [0x0000000080000000,0x000000009a252a48,0x000000009a280000)
 Metaspace       used 77665K, committed 79488K, reserved 1179648K
  class space    used 8151K, committed 8960K, reserved 1048576K
}
Event: 489.575 GC heap before
{Heap before GC invocations=1805 (full 4):
 PSYoungGen      total 2560K, used 2400K [0x00000000d5580000, 0x00000000d5900000, 0x0000000100000000)
  eden space 2048K, 100% used [0x00000000d5580000,0x00000000d5780000,0x00000000d5780000)
  from space 512K, 68% used [0x00000000d5800000,0x00000000d5858000,0x00000000d5880000)
  to   space 512K, 0% used [0x00000000d5880000,0x00000000d5880000,0x00000000d5900000)
 ParOldGen       total 428544K, used 428362K [0x0000000080000000, 0x000000009a280000, 0x00000000d5580000)
  object space 428544K, 99% used [0x0000000080000000,0x000000009a252a48,0x000000009a280000)
 Metaspace       used 77840K, committed 79616K, reserved 1179648K
  class space    used 8167K, committed 8960K, reserved 1048576K
}
Event: 489.579 GC heap after
{Heap after GC invocations=1805 (full 4):
 PSYoungGen      total 2560K, used 384K [0x00000000d5580000, 0x00000000d5900000, 0x0000000100000000)
  eden space 2048K, 0% used [0x00000000d5580000,0x00000000d5580000,0x00000000d5780000)
  from space 512K, 75% used [0x00000000d5880000,0x00000000d58e0000,0x00000000d5900000)
  to   space 512K, 0% used [0x00000000d5800000,0x00000000d5800000,0x00000000d5880000)
 ParOldGen       total 428544K, used 428497K [0x0000000080000000, 0x000000009a280000, 0x00000000d5580000)
  object space 428544K, 99% used [0x0000000080000000,0x000000009a274790,0x000000009a280000)
 Metaspace       used 77840K, committed 79616K, reserved 1179648K
  class space    used 8167K, committed 8960K, reserved 1048576K
}
Event: 489.641 GC heap before
{Heap before GC invocations=1806 (full 4):
 PSYoungGen      total 2560K, used 2432K [0x00000000d5580000, 0x00000000d5900000, 0x0000000100000000)
  eden space 2048K, 100% used [0x00000000d5580000,0x00000000d5780000,0x00000000d5780000)
  from space 512K, 75% used [0x00000000d5880000,0x00000000d58e0000,0x00000000d5900000)
  to   space 512K, 0% used [0x00000000d5800000,0x00000000d5800000,0x00000000d5880000)
 ParOldGen       total 428544K, used 428497K [0x0000000080000000, 0x000000009a280000, 0x00000000d5580000)
  object space 428544K, 99% used [0x0000000080000000,0x000000009a274790,0x000000009a280000)
 Metaspace       used 77840K, committed 79616K, reserved 1179648K
  class space    used 8167K, committed 8960K, reserved 1048576K
}
Event: 489.643 GC heap after
{Heap after GC invocations=1806 (full 4):
 PSYoungGen      total 2560K, used 400K [0x00000000d5580000, 0x00000000d5900000, 0x0000000100000000)
  eden space 2048K, 0% used [0x00000000d5580000,0x00000000d5580000,0x00000000d5780000)
  from space 512K, 78% used [0x00000000d5800000,0x00000000d5864010,0x00000000d5880000)
  to   space 512K, 0% used [0x00000000d5880000,0x00000000d5880000,0x00000000d5900000)
 ParOldGen       total 429056K, used 428649K [0x0000000080000000, 0x000000009a300000, 0x00000000d5580000)
  object space 429056K, 99% used [0x0000000080000000,0x000000009a29a790,0x000000009a300000)
 Metaspace       used 77840K, committed 79616K, reserved 1179648K
  class space    used 8167K, committed 8960K, reserved 1048576K
}
Event: 489.678 GC heap before
{Heap before GC invocations=1807 (full 4):
 PSYoungGen      total 2560K, used 2448K [0x00000000d5580000, 0x00000000d5900000, 0x0000000100000000)
  eden space 2048K, 100% used [0x00000000d5580000,0x00000000d5780000,0x00000000d5780000)
  from space 512K, 78% used [0x00000000d5800000,0x00000000d5864010,0x00000000d5880000)
  to   space 512K, 0% used [0x00000000d5880000,0x00000000d5880000,0x00000000d5900000)
 ParOldGen       total 429056K, used 428649K [0x0000000080000000, 0x000000009a300000, 0x00000000d5580000)
  object space 429056K, 99% used [0x0000000080000000,0x000000009a29a790,0x000000009a300000)
 Metaspace       used 77840K, committed 79616K, reserved 1179648K
  class space    used 8167K, committed 8960K, reserved 1048576K
}
Event: 489.680 GC heap after
{Heap after GC invocations=1807 (full 4):
 PSYoungGen      total 2560K, used 384K [0x00000000d5580000, 0x00000000d5900000, 0x0000000100000000)
  eden space 2048K, 0% used [0x00000000d5580000,0x00000000d5580000,0x00000000d5780000)
  from space 512K, 75% used [0x00000000d5880000,0x00000000d58e0000,0x00000000d5900000)
  to   space 512K, 0% used [0x00000000d5800000,0x00000000d5800000,0x00000000d5880000)
 ParOldGen       total 429056K, used 428833K [0x0000000080000000, 0x000000009a300000, 0x00000000d5580000)
  object space 429056K, 99% used [0x0000000080000000,0x000000009a2c8790,0x000000009a300000)
 Metaspace       used 77840K, committed 79616K, reserved 1179648K
  class space    used 8167K, committed 8960K, reserved 1048576K
}
Event: 1294.690 GC heap before
{Heap before GC invocations=1808 (full 4):
 PSYoungGen      total 2560K, used 2431K [0x00000000d5580000, 0x00000000d5900000, 0x0000000100000000)
  eden space 2048K, 99% used [0x00000000d5580000,0x00000000d577ffe8,0x00000000d5780000)
  from space 512K, 75% used [0x00000000d5880000,0x00000000d58e0000,0x00000000d5900000)
  to   space 512K, 0% used [0x00000000d5800000,0x00000000d5800000,0x00000000d5880000)
 ParOldGen       total 429056K, used 428833K [0x0000000080000000, 0x000000009a300000, 0x00000000d5580000)
  object space 429056K, 99% used [0x0000000080000000,0x000000009a2c8790,0x000000009a300000)
 Metaspace       used 77857K, committed 79616K, reserved 1179648K
  class space    used 8167K, committed 8960K, reserved 1048576K
}
Event: 1294.696 GC heap after
{Heap after GC invocations=1808 (full 4):
 PSYoungGen      total 2560K, used 288K [0x00000000d5580000, 0x00000000d5900000, 0x0000000100000000)
  eden space 2048K, 0% used [0x00000000d5580000,0x00000000d5580000,0x00000000d5780000)
  from space 512K, 56% used [0x00000000d5800000,0x00000000d5848000,0x00000000d5880000)
  to   space 512K, 0% used [0x00000000d5880000,0x00000000d5880000,0x00000000d5900000)
 ParOldGen       total 429056K, used 429041K [0x0000000080000000, 0x000000009a300000, 0x00000000d5580000)
  object space 429056K, 99% used [0x0000000080000000,0x000000009a2fc790,0x000000009a300000)
 Metaspace       used 77857K, committed 79616K, reserved 1179648K
  class space    used 8167K, committed 8960K, reserved 1048576K
}

Dll operation events (12 events):
Event: 1.040 Loaded shared library c:\Users\MSI\.vscode\extensions\redhat.java-1.50.0-win32-x64\jre\21.0.9-win32-x86_64\bin\java.dll
Event: 1.313 Loaded shared library c:\Users\MSI\.vscode\extensions\redhat.java-1.50.0-win32-x64\jre\21.0.9-win32-x86_64\bin\zip.dll
Event: 1.372 Loaded shared library C:\Users\MSI\.vscode\extensions\redhat.java-1.50.0-win32-x64\jre\21.0.9-win32-x86_64\bin\instrument.dll
Event: 1.444 Loaded shared library C:\Users\MSI\.vscode\extensions\redhat.java-1.50.0-win32-x64\jre\21.0.9-win32-x86_64\bin\net.dll
Event: 1.446 Loaded shared library C:\Users\MSI\.vscode\extensions\redhat.java-1.50.0-win32-x64\jre\21.0.9-win32-x86_64\bin\nio.dll
Event: 1.449 Loaded shared library C:\Users\MSI\.vscode\extensions\redhat.java-1.50.0-win32-x64\jre\21.0.9-win32-x86_64\bin\zip.dll
Event: 1.486 Loaded shared library C:\Users\MSI\.vscode\extensions\redhat.java-1.50.0-win32-x64\jre\21.0.9-win32-x86_64\bin\jimage.dll
Event: 1.606 Loaded shared library c:\Users\MSI\.vscode\extensions\redhat.java-1.50.0-win32-x64\jre\21.0.9-win32-x86_64\bin\verify.dll
Event: 12.541 Loaded shared library C:\Users\MSI\AppData\Roaming\Code\User\globalStorage\redhat.java\1.50.0\config_win\org.eclipse.equinox.launcher\org.eclipse.equinox.launcher.win32.win32.x86_64_1.2.1400.v20250801-0854\eclipse_11916.dll
Event: 28.264 Loaded shared library C:\Users\MSI\AppData\Local\Temp\jna-76643\jna14053761984817655815.dll
Event: 36.529 Loaded shared library C:\Users\MSI\.vscode\extensions\redhat.java-1.50.0-win32-x64\jre\21.0.9-win32-x86_64\bin\sunmscapi.dll
Event: 37.444 Loaded shared library C:\Users\MSI\.vscode\extensions\redhat.java-1.50.0-win32-x64\jre\21.0.9-win32-x86_64\bin\extnet.dll

Deoptimization events (20 events):
Event: 489.351 Thread 0x000001cded27aac0 Uncommon trap: trap_request=0xffffffde fr.pc=0x000001cdd59f4bfc relative=0x0000000000000b3c
Event: 489.351 Thread 0x000001cded27aac0 Uncommon trap: reason=class_check action=maybe_recompile pc=0x000001cdd59f4bfc method=java.io.DataOutputStream.write([BII)V @ 7 c2
Event: 489.351 Thread 0x000001cded27aac0 DEOPT PACKING pc=0x000001cdd59f4bfc sp=0x00000068c5bfed30
Event: 489.351 Thread 0x000001cded27aac0 DEOPT UNPACKING pc=0x000001cdd51f3aa2 sp=0x00000068c5bfec60 mode 2
Event: 489.351 Thread 0x000001cded27aac0 Uncommon trap: trap_request=0xffffffde fr.pc=0x000001cdd59f4bfc relative=0x0000000000000b3c
Event: 489.351 Thread 0x000001cded27aac0 Uncommon trap: reason=class_check action=maybe_recompile pc=0x000001cdd59f4bfc method=java.io.DataOutputStream.write([BII)V @ 7 c2
Event: 489.351 Thread 0x000001cded27aac0 DEOPT PACKING pc=0x000001cdd59f4bfc sp=0x00000068c5bfec70
Event: 489.351 Thread 0x000001cded27aac0 DEOPT UNPACKING pc=0x000001cdd51f3aa2 sp=0x00000068c5bfeba0 mode 2
Event: 489.351 Thread 0x000001cded27aac0 Uncommon trap: trap_request=0xffffffde fr.pc=0x000001cdd59f4bfc relative=0x0000000000000b3c
Event: 489.351 Thread 0x000001cded27aac0 Uncommon trap: reason=class_check action=maybe_recompile pc=0x000001cdd59f4bfc method=java.io.DataOutputStream.write([BII)V @ 7 c2
Event: 489.351 Thread 0x000001cded27aac0 DEOPT PACKING pc=0x000001cdd59f4bfc sp=0x00000068c5bfebc0
Event: 489.351 Thread 0x000001cded27aac0 DEOPT UNPACKING pc=0x000001cdd51f3aa2 sp=0x00000068c5bfeaf0 mode 2
Event: 489.351 Thread 0x000001cded27aac0 Uncommon trap: trap_request=0xffffffde fr.pc=0x000001cdd5a3ece4 relative=0x0000000000000424
Event: 489.352 Thread 0x000001cded27aac0 Uncommon trap: reason=class_check action=maybe_recompile pc=0x000001cdd5a3ece4 method=java.io.DataOutputStream.writeInt(I)V @ 19 c2
Event: 489.352 Thread 0x000001cded27aac0 DEOPT PACKING pc=0x000001cdd5a3ece4 sp=0x00000068c5bfe9d0
Event: 489.352 Thread 0x000001cded27aac0 DEOPT UNPACKING pc=0x000001cdd51f3aa2 sp=0x00000068c5bfe978 mode 2
Event: 489.452 Thread 0x000001cded27aac0 Uncommon trap: trap_request=0xffffffc6 fr.pc=0x000001cdd6421748 relative=0x0000000000004a28
Event: 489.452 Thread 0x000001cded27aac0 Uncommon trap: reason=bimorphic_or_optimized_type_check action=maybe_recompile pc=0x000001cdd6421748 method=java.util.Properties.load0(Ljava/util/Properties$LineReader;)V @ 241 c2
Event: 489.452 Thread 0x000001cded27aac0 DEOPT PACKING pc=0x000001cdd6421748 sp=0x00000068c5bfedb0
Event: 489.452 Thread 0x000001cded27aac0 DEOPT UNPACKING pc=0x000001cdd51f3aa2 sp=0x00000068c5bfedd0 mode 2

Classes loaded (20 events):
Event: 489.144 Loading class java/util/stream/Nodes$CollectorTask$OfRef
Event: 489.145 Loading class java/util/stream/Nodes$CollectorTask
Event: 489.145 Loading class java/util/stream/Nodes$CollectorTask done
Event: 489.145 Loading class java/util/stream/Nodes$CollectorTask$OfRef done
Event: 489.149 Loading class java/util/function/LongFunction
Event: 489.150 Loading class java/util/function/LongFunction done
Event: 489.150 Loading class java/util/stream/Nodes$ConcNode
Event: 489.150 Loading class java/util/stream/Nodes$AbstractConcNode
Event: 489.150 Loading class java/util/stream/Nodes$AbstractConcNode done
Event: 489.150 Loading class java/util/stream/Nodes$ConcNode done
Event: 489.204 Loading class java/util/stream/Nodes$ToArrayTask$OfRef
Event: 489.204 Loading class java/util/stream/Nodes$ToArrayTask
Event: 489.204 Loading class java/util/stream/Nodes$ToArrayTask done
Event: 489.204 Loading class java/util/stream/Nodes$ToArrayTask$OfRef done
Event: 489.215 Loading class java/io/ObjectOutputStream$BlockDataOutputStream
Event: 489.216 Loading class java/io/ObjectOutputStream$BlockDataOutputStream done
Event: 489.216 Loading class java/io/ObjectOutputStream$HandleTable
Event: 489.216 Loading class java/io/ObjectOutputStream$HandleTable done
Event: 489.216 Loading class java/io/ObjectOutputStream$ReplaceTable
Event: 489.216 Loading class java/io/ObjectOutputStream$ReplaceTable done

Classes unloaded (20 events):
Event: 194.609 Thread 0x000001cde15e4100 Unloading class 0x000001cd817b6400 'java/lang/invoke/LambdaForm$MH+0x000001cd817b6400'
Event: 194.609 Thread 0x000001cde15e4100 Unloading class 0x000001cd817b6000 'java/lang/invoke/LambdaForm$MH+0x000001cd817b6000'
Event: 194.609 Thread 0x000001cde15e4100 Unloading class 0x000001cd817b5c00 'java/lang/invoke/LambdaForm$MH+0x000001cd817b5c00'
Event: 194.609 Thread 0x000001cde15e4100 Unloading class 0x000001cd817b5400 'java/lang/invoke/LambdaForm$MH+0x000001cd817b5400'
Event: 194.609 Thread 0x000001cde15e4100 Unloading class 0x000001cd817b5000 'java/lang/invoke/LambdaForm$MH+0x000001cd817b5000'
Event: 194.609 Thread 0x000001cde15e4100 Unloading class 0x000001cd817b4c00 'java/lang/invoke/LambdaForm$MH+0x000001cd817b4c00'
Event: 194.609 Thread 0x000001cde15e4100 Unloading class 0x000001cd817b4800 'java/lang/invoke/LambdaForm$MH+0x000001cd817b4800'
Event: 194.609 Thread 0x000001cde15e4100 Unloading class 0x000001cd817b4000 'java/lang/invoke/LambdaForm$MH+0x000001cd817b4000'
Event: 194.609 Thread 0x000001cde15e4100 Unloading class 0x000001cd817b4400 'java/lang/invoke/LambdaForm$MH+0x000001cd817b4400'
Event: 194.609 Thread 0x000001cde15e4100 Unloading class 0x000001cd817ad400 'java/lang/invoke/LambdaForm$DMH+0x000001cd817ad400'
Event: 194.609 Thread 0x000001cde15e4100 Unloading class 0x000001cd817ad000 'java/lang/invoke/LambdaForm$DMH+0x000001cd817ad000'
Event: 194.609 Thread 0x000001cde15e4100 Unloading class 0x000001cd817acc00 'java/lang/invoke/LambdaForm$DMH+0x000001cd817acc00'
Event: 194.609 Thread 0x000001cde15e4100 Unloading class 0x000001cd817ac800 'java/lang/invoke/LambdaForm$DMH+0x000001cd817ac800'
Event: 194.609 Thread 0x000001cde15e4100 Unloading class 0x000001cd817ac400 'java/lang/invoke/LambdaForm$DMH+0x000001cd817ac400'
Event: 194.609 Thread 0x000001cde15e4100 Unloading class 0x000001cd81798400 'java/lang/invoke/LambdaForm$MH+0x000001cd81798400'
Event: 194.609 Thread 0x000001cde15e4100 Unloading class 0x000001cd81798800 'java/lang/invoke/LambdaForm$MH+0x000001cd81798800'
Event: 194.609 Thread 0x000001cde15e4100 Unloading class 0x000001cd81798000 'java/lang/invoke/LambdaForm$MH+0x000001cd81798000'
Event: 194.609 Thread 0x000001cde15e4100 Unloading class 0x000001cd81704c00 'java/lang/invoke/LambdaForm$DMH+0x000001cd81704c00'
Event: 194.609 Thread 0x000001cde15e4100 Unloading class 0x000001cd81704800 'java/lang/invoke/LambdaForm$DMH+0x000001cd81704800'
Event: 194.609 Thread 0x000001cde15e4100 Unloading class 0x000001cd81704400 'java/lang/invoke/LambdaForm$DMH+0x000001cd81704400'

Classes redefined (0 events):
No events

Internal exceptions (20 events):
Event: 253.309 Thread 0x000001cde9951990 Exception <a 'sun/nio/fs/WindowsException'{0x00000000d55866e0}> (0x00000000d55866e0) 
thrown [s\src\hotspot\share\prims\jni.cpp, line 520]
Event: 253.754 Thread 0x000001cded27aac0 Exception <a 'sun/nio/fs/WindowsException'{0x00000000d55e0730}> (0x00000000d55e0730) 
thrown [s\src\hotspot\share\prims\jni.cpp, line 520]
Event: 253.754 Thread 0x000001cded27aac0 Exception <a 'sun/nio/fs/WindowsException'{0x00000000d55e0d60}> (0x00000000d55e0d60) 
thrown [s\src\hotspot\share\prims\jni.cpp, line 520]
Event: 489.181 Thread 0x000001cded27aac0 Exception <a 'sun/nio/fs/WindowsException'{0x00000000d576bd88}> (0x00000000d576bd88) 
thrown [s\src\hotspot\share\prims\jni.cpp, line 520]
Event: 489.181 Thread 0x000001cded27aac0 Exception <a 'sun/nio/fs/WindowsException'{0x00000000d576c668}> (0x00000000d576c668) 
thrown [s\src\hotspot\share\prims\jni.cpp, line 520]
Event: 489.188 Thread 0x000001cded27aac0 Exception <a 'sun/nio/fs/WindowsException'{0x00000000d57721c0}> (0x00000000d57721c0) 
thrown [s\src\hotspot\share\prims\jni.cpp, line 520]
Event: 489.188 Thread 0x000001cded27aac0 Exception <a 'sun/nio/fs/WindowsException'{0x00000000d5772aa0}> (0x00000000d5772aa0) 
thrown [s\src\hotspot\share\prims\jni.cpp, line 520]
Event: 489.189 Thread 0x000001cded27aac0 Exception <a 'sun/nio/fs/WindowsException'{0x00000000d5773fe8}> (0x00000000d5773fe8) 
thrown [s\src\hotspot\share\prims\jni.cpp, line 520]
Event: 489.189 Thread 0x000001cded27aac0 Exception <a 'sun/nio/fs/WindowsException'{0x00000000d57748c8}> (0x00000000d57748c8) 
thrown [s\src\hotspot\share\prims\jni.cpp, line 520]
Event: 489.192 Thread 0x000001cded27aac0 Exception <a 'sun/nio/fs/WindowsException'{0x00000000d5775e10}> (0x00000000d5775e10) 
thrown [s\src\hotspot\share\prims\jni.cpp, line 520]
Event: 489.192 Thread 0x000001cded27aac0 Exception <a 'sun/nio/fs/WindowsException'{0x00000000d57766f0}> (0x00000000d57766f0) 
thrown [s\src\hotspot\share\prims\jni.cpp, line 520]
Event: 489.193 Thread 0x000001cded27aac0 Exception <a 'sun/nio/fs/WindowsException'{0x00000000d5777c38}> (0x00000000d5777c38) 
thrown [s\src\hotspot\share\prims\jni.cpp, line 520]
Event: 489.193 Thread 0x000001cded27aac0 Exception <a 'sun/nio/fs/WindowsException'{0x00000000d5778518}> (0x00000000d5778518) 
thrown [s\src\hotspot\share\prims\jni.cpp, line 520]
Event: 489.194 Thread 0x000001cded27aac0 Exception <a 'sun/nio/fs/WindowsException'{0x00000000d5779ca0}> (0x00000000d5779ca0) 
thrown [s\src\hotspot\share\prims\jni.cpp, line 520]
Event: 489.194 Thread 0x000001cded27aac0 Exception <a 'sun/nio/fs/WindowsException'{0x00000000d577a580}> (0x00000000d577a580) 
thrown [s\src\hotspot\share\prims\jni.cpp, line 520]
Event: 489.196 Thread 0x000001cded27aac0 Exception <a 'sun/nio/fs/WindowsException'{0x00000000d577bac8}> (0x00000000d577bac8) 
thrown [s\src\hotspot\share\prims\jni.cpp, line 520]
Event: 489.196 Thread 0x000001cded27aac0 Exception <a 'sun/nio/fs/WindowsException'{0x00000000d577c3a8}> (0x00000000d577c3a8) 
thrown [s\src\hotspot\share\prims\jni.cpp, line 520]
Event: 489.197 Thread 0x000001cded27aac0 Implicit null exception at 0x000001cdd5a8a706 to 0x000001cdd5a8aa8c
Event: 489.309 Thread 0x000001cded27aac0 Exception <a 'java/lang/NoSuchMethodError'{0x00000000d567b5f8}: static [J.<clinit>()V> (0x00000000d567b5f8) 
thrown [s\src\hotspot\share\prims\jni.cpp, line 1111]
Event: 489.385 Thread 0x000001cded27aac0 Exception <a 'java/lang/NoSuchMethodError'{0x00000000d57075f8}: 'java.lang.Object java.lang.invoke.DirectMethodHandle$Holder.newInvokeSpecial(java.lang.Object, java.lang.Object, java.lang.Object, java.lang.Object, java.lang.Object, java.lang.Object, java.lang.Object, java.lang.Object)'> (0x00000000d57075f8) 
thrown [s\src\hotspot\share\interpreter\linkResolver.cpp, line 773]

ZGC Phase Switch (0 events):
No events

VM Operations (20 events):
Event: 5772.973 Executing VM operation: HandshakeAllThreads (HandshakeForDeflation)
Event: 5772.973 Executing VM operation: HandshakeAllThreads (HandshakeForDeflation) done
Event: 5772.973 Executing VM operation: RendezvousGCThreads
Event: 5772.973 Executing VM operation: RendezvousGCThreads done
Event: 6374.134 Executing VM operation: HandshakeAllThreads (HandshakeForDeflation)
Event: 6374.136 Executing VM operation: HandshakeAllThreads (HandshakeForDeflation) done
Event: 6374.136 Executing VM operation: RendezvousGCThreads
Event: 6374.136 Executing VM operation: RendezvousGCThreads done
Event: 6674.859 Executing VM operation: HandshakeAllThreads (HandshakeForDeflation)
Event: 6674.860 Executing VM operation: HandshakeAllThreads (HandshakeForDeflation) done
Event: 6674.860 Executing VM operation: RendezvousGCThreads
Event: 6674.861 Executing VM operation: RendezvousGCThreads done
Event: 7035.785 Executing VM operation: HandshakeAllThreads (HandshakeForDeflation)
Event: 7035.787 Executing VM operation: HandshakeAllThreads (HandshakeForDeflation) done
Event: 7035.788 Executing VM operation: RendezvousGCThreads
Event: 7035.788 Executing VM operation: RendezvousGCThreads done
Event: 7577.060 Executing VM operation: HandshakeAllThreads (HandshakeForDeflation)
Event: 7577.498 Executing VM operation: HandshakeAllThreads (HandshakeForDeflation) done
Event: 7577.499 Executing VM operation: RendezvousGCThreads
Event: 7577.499 Executing VM operation: RendezvousGCThreads done

Memory protections (0 events):
No events

Nmethod flushes (20 events):
Event: 194.655 Thread 0x000001cde15e4100 flushing  nmethod 0x000001cdcefa0410
Event: 194.655 Thread 0x000001cde15e4100 flushing  nmethod 0x000001cdcefa0f90
Event: 194.655 Thread 0x000001cde15e4100 flushing  nmethod 0x000001cdcefa2010
Event: 194.655 Thread 0x000001cde15e4100 flushing  nmethod 0x000001cdcefa4c10
Event: 194.655 Thread 0x000001cde15e4100 flushing  nmethod 0x000001cdcefa5490
Event: 194.655 Thread 0x000001cde15e4100 flushing  nmethod 0x000001cdcefa6090
Event: 194.655 Thread 0x000001cde15e4100 flushing  nmethod 0x000001cdcefa8110
Event: 194.655 Thread 0x000001cde15e4100 flushing  nmethod 0x000001cdcefaa490
Event: 194.655 Thread 0x000001cde15e4100 flushing  nmethod 0x000001cdcefae290
Event: 194.655 Thread 0x000001cde15e4100 flushing  nmethod 0x000001cdcefae690
Event: 194.655 Thread 0x000001cde15e4100 flushing  nmethod 0x000001cdcefaea90
Event: 194.655 Thread 0x000001cde15e4100 flushing  nmethod 0x000001cdcefaef90
Event: 194.655 Thread 0x000001cde15e4100 flushing  nmethod 0x000001cdcefb2c90
Event: 194.655 Thread 0x000001cde15e4100 flushing  nmethod 0x000001cdcefd1b10
Event: 194.655 Thread 0x000001cde15e4100 flushing  nmethod 0x000001cdcefd3710
Event: 194.655 Thread 0x000001cde15e4100 flushing  nmethod 0x000001cdcf03b690
Event: 194.655 Thread 0x000001cde15e4100 flushing  nmethod 0x000001cdcf042e90
Event: 194.655 Thread 0x000001cde15e4100 flushing  nmethod 0x000001cdcf04af10
Event: 194.655 Thread 0x000001cde15e4100 flushing  nmethod 0x000001cdcf04d510
Event: 194.655 Thread 0x000001cde15e4100 flushing  nmethod 0x000001cdcf055790

Events (20 events):
Event: 613.386 Thread 0x000001cde9954780 Thread exited: 0x000001cde9954780
Event: 662.365 Thread 0x000001cde994f230 Thread exited: 0x000001cde994f230
Event: 673.400 Thread 0x000001cded276920 Thread exited: 0x000001cded276920
Event: 722.375 Thread 0x000001cde9912720 Thread exited: 0x000001cde9912720
Event: 733.414 Thread 0x000001cde99526b0 Thread exited: 0x000001cde99526b0
Event: 782.378 Thread 0x000001cde994d7f0 Thread exited: 0x000001cde994d7f0
Event: 793.427 Thread 0x000001cde9953a60 Thread exited: 0x000001cde9953a60
Event: 842.381 Thread 0x000001cde9913440 Thread exited: 0x000001cde9913440
Event: 853.435 Thread 0x000001cde9951300 Thread exited: 0x000001cde9951300
Event: 902.389 Thread 0x000001cde9912090 Thread exited: 0x000001cde9912090
Event: 913.448 Thread 0x000001cded273b30 Thread exited: 0x000001cded273b30
Event: 962.406 Thread 0x000001cde9913ad0 Thread exited: 0x000001cde9913ad0
Event: 973.453 Thread 0x000001cded275c00 Thread exited: 0x000001cded275c00
Event: 1022.410 Thread 0x000001cde9914160 Thread exited: 0x000001cde9914160
Event: 1033.458 Thread 0x000001cde9952020 Thread exited: 0x000001cde9952020
Event: 1082.412 Thread 0x000001cde9911a00 Thread exited: 0x000001cde9911a00
Event: 1093.465 Thread 0x000001cde9952d40 Thread exited: 0x000001cde9952d40
Event: 1142.425 Thread 0x000001cde99147f0 Thread exited: 0x000001cde99147f0
Event: 1153.479 Thread 0x000001cde994e510 Thread exited: 0x000001cde994e510
Event: 1213.490 Thread 0x000001cde990e580 Thread exited: 0x000001cde990e580


Dynamic libraries:
0x00007ff71e4c0000 - 0x00007ff71e4ce000 	c:\Users\MSI\.vscode\extensions\redhat.java-1.50.0-win32-x64\jre\21.0.9-win32-x86_64\bin\java.exe
0x00007fff98320000 - 0x00007fff98587000 	C:\WINDOWS\SYSTEM32\ntdll.dll
0x00007fff976b0000 - 0x00007fff97779000 	C:\WINDOWS\System32\KERNEL32.DLL
0x00007fff95520000 - 0x00007fff9590f000 	C:\WINDOWS\System32\KERNELBASE.dll
0x00007fff95ac0000 - 0x00007fff95c0b000 	C:\WINDOWS\System32\ucrtbase.dll
0x00007fff02c90000 - 0x00007fff02ca8000 	c:\Users\MSI\.vscode\extensions\redhat.java-1.50.0-win32-x64\jre\21.0.9-win32-x86_64\bin\jli.dll
0x00007fff96a70000 - 0x00007fff96c35000 	C:\WINDOWS\System32\USER32.dll
0x00007fff95a90000 - 0x00007fff95ab7000 	C:\WINDOWS\System32\win32u.dll
0x00007fff97da0000 - 0x00007fff97dcb000 	C:\WINDOWS\System32\GDI32.dll
0x00007fff95cc0000 - 0x00007fff95dec000 	C:\WINDOWS\System32\gdi32full.dll
0x00007fff95470000 - 0x00007fff95513000 	C:\WINDOWS\System32\msvcp_win.dll
0x00007ffef7bb0000 - 0x00007ffef7bce000 	c:\Users\MSI\.vscode\extensions\redhat.java-1.50.0-win32-x64\jre\21.0.9-win32-x86_64\bin\VCRUNTIME140.dll
0x00007fff77990000 - 0x00007fff77c23000 	C:\WINDOWS\WinSxS\amd64_microsoft.windows.common-controls_6595b64144ccf1df_6.0.26100.7309_none_3e05feeae336a044\COMCTL32.dll
0x00007fff97810000 - 0x00007fff978b9000 	C:\WINDOWS\System32\msvcrt.dll
0x00007fff96210000 - 0x00007fff96241000 	C:\WINDOWS\System32\IMM32.DLL
0x00007fff42430000 - 0x00007fff4243c000 	c:\Users\MSI\.vscode\extensions\redhat.java-1.50.0-win32-x64\jre\21.0.9-win32-x86_64\bin\vcruntime140_1.dll
0x00007ffef1180000 - 0x00007ffef120d000 	c:\Users\MSI\.vscode\extensions\redhat.java-1.50.0-win32-x64\jre\21.0.9-win32-x86_64\bin\msvcp140.dll
0x00007ffed9540000 - 0x00007ffeda2e0000 	c:\Users\MSI\.vscode\extensions\redhat.java-1.50.0-win32-x64\jre\21.0.9-win32-x86_64\bin\server\jvm.dll
0x00007fff96f00000 - 0x00007fff96fb4000 	C:\WINDOWS\System32\ADVAPI32.dll
0x00007fff96140000 - 0x00007fff961e6000 	C:\WINDOWS\System32\sechost.dll
0x00007fff97b00000 - 0x00007fff97c18000 	C:\WINDOWS\System32\RPCRT4.dll
0x00007fff96d30000 - 0x00007fff96da4000 	C:\WINDOWS\System32\WS2_32.dll
0x00007fff952f0000 - 0x00007fff9534e000 	C:\WINDOWS\SYSTEM32\POWRPROF.dll
0x00007fff86c40000 - 0x00007fff86c75000 	C:\WINDOWS\SYSTEM32\WINMM.dll
0x00007fff8c8a0000 - 0x00007fff8c8ab000 	C:\WINDOWS\SYSTEM32\VERSION.dll
0x00007fff952d0000 - 0x00007fff952e4000 	C:\WINDOWS\SYSTEM32\UMPDC.dll
0x00007fff94140000 - 0x00007fff9415b000 	C:\WINDOWS\SYSTEM32\kernel.appcore.dll
0x00007fff60b20000 - 0x00007fff60b2a000 	c:\Users\MSI\.vscode\extensions\redhat.java-1.50.0-win32-x64\jre\21.0.9-win32-x86_64\bin\jimage.dll
0x00007fff92ad0000 - 0x00007fff92d12000 	C:\WINDOWS\SYSTEM32\DBGHELP.DLL
0x00007fff97e50000 - 0x00007fff981d5000 	C:\WINDOWS\System32\combase.dll
0x00007fff96c50000 - 0x00007fff96d26000 	C:\WINDOWS\System32\OLEAUT32.dll
0x00007fff7a850000 - 0x00007fff7a88c000 	C:\WINDOWS\SYSTEM32\dbgcore.DLL
0x00007fff95c10000 - 0x00007fff95cb5000 	C:\WINDOWS\System32\bcryptPrimitives.dll
0x00007fff3dcc0000 - 0x00007fff3dccf000 	c:\Users\MSI\.vscode\extensions\redhat.java-1.50.0-win32-x64\jre\21.0.9-win32-x86_64\bin\instrument.dll
0x00007ffef5f30000 - 0x00007ffef5f50000 	c:\Users\MSI\.vscode\extensions\redhat.java-1.50.0-win32-x64\jre\21.0.9-win32-x86_64\bin\java.dll
0x00007fff96250000 - 0x00007fff969a3000 	C:\WINDOWS\System32\SHELL32.dll
0x00007fff95920000 - 0x00007fff95a8a000 	C:\WINDOWS\System32\wintypes.dll
0x00007fff93030000 - 0x00007fff9388e000 	C:\WINDOWS\SYSTEM32\windows.storage.dll
0x00007fff981e0000 - 0x00007fff982d5000 	C:\WINDOWS\System32\SHCORE.dll
0x00007fff97dd0000 - 0x00007fff97e36000 	C:\WINDOWS\System32\shlwapi.dll
0x00007fff95390000 - 0x00007fff953b9000 	C:\WINDOWS\SYSTEM32\profapi.dll
0x00007ffef5340000 - 0x00007ffef5358000 	c:\Users\MSI\.vscode\extensions\redhat.java-1.50.0-win32-x64\jre\21.0.9-win32-x86_64\bin\zip.dll
0x00007fff3f5b0000 - 0x00007fff3f5c0000 	C:\Users\MSI\.vscode\extensions\redhat.java-1.50.0-win32-x64\jre\21.0.9-win32-x86_64\bin\net.dll
0x00007fff8bf30000 - 0x00007fff8c058000 	C:\WINDOWS\SYSTEM32\WINHTTP.dll
0x00007fff94730000 - 0x00007fff9479b000 	C:\WINDOWS\system32\mswsock.dll
0x00007fff12450000 - 0x00007fff12466000 	C:\Users\MSI\.vscode\extensions\redhat.java-1.50.0-win32-x64\jre\21.0.9-win32-x86_64\bin\nio.dll
0x00007fff3db80000 - 0x00007fff3db90000 	c:\Users\MSI\.vscode\extensions\redhat.java-1.50.0-win32-x64\jre\21.0.9-win32-x86_64\bin\verify.dll
0x00007ffef1270000 - 0x00007ffef12b4000 	C:\Users\MSI\AppData\Roaming\Code\User\globalStorage\redhat.java\1.50.0\config_win\org.eclipse.equinox.launcher\org.eclipse.equinox.launcher.win32.win32.x86_64_1.2.1400.v20250801-0854\eclipse_11916.dll
0x00007fff97080000 - 0x00007fff97217000 	C:\WINDOWS\System32\ole32.dll
0x00007fff94b20000 - 0x00007fff94b3b000 	C:\WINDOWS\SYSTEM32\CRYPTSP.dll
0x00007fff94160000 - 0x00007fff9419a000 	C:\WINDOWS\system32\rsaenh.dll
0x00007fff947e0000 - 0x00007fff9480b000 	C:\WINDOWS\SYSTEM32\USERENV.dll
0x00007fff95360000 - 0x00007fff9538a000 	C:\WINDOWS\SYSTEM32\bcrypt.dll
0x00007fff94980000 - 0x00007fff9498c000 	C:\WINDOWS\SYSTEM32\CRYPTBASE.dll
0x00007fff93c80000 - 0x00007fff93cb4000 	C:\WINDOWS\SYSTEM32\IPHLPAPI.DLL
0x00007fff97c20000 - 0x00007fff97c2a000 	C:\WINDOWS\System32\NSI.dll
0x00007ffef1820000 - 0x00007ffef1869000 	C:\Users\MSI\AppData\Local\Temp\jna-76643\jna14053761984817655815.dll
0x00007fff97e40000 - 0x00007fff97e48000 	C:\WINDOWS\System32\PSAPI.DLL
0x00007fff8c1e0000 - 0x00007fff8c1fe000 	C:\WINDOWS\SYSTEM32\dhcpcsvc6.DLL
0x00007fff8c0f0000 - 0x00007fff8c113000 	C:\WINDOWS\SYSTEM32\dhcpcsvc.DLL
0x00007fff24a60000 - 0x00007fff24a6e000 	C:\Users\MSI\.vscode\extensions\redhat.java-1.50.0-win32-x64\jre\21.0.9-win32-x86_64\bin\sunmscapi.dll
0x00007fff95df0000 - 0x00007fff95f67000 	C:\WINDOWS\System32\CRYPT32.dll
0x00007fff94c70000 - 0x00007fff94ca0000 	C:\WINDOWS\SYSTEM32\ncrypt.dll
0x00007fff94c20000 - 0x00007fff94c5f000 	C:\WINDOWS\SYSTEM32\NTASN1.dll
0x00007fff93cc0000 - 0x00007fff93dec000 	C:\WINDOWS\SYSTEM32\DNSAPI.dll
0x00007fff8b990000 - 0x00007fff8b99b000 	C:\Windows\System32\rasadhlp.dll
0x00007fff8c2d0000 - 0x00007fff8c356000 	C:\WINDOWS\System32\fwpuclnt.dll
0x00007fff141e0000 - 0x00007fff141e9000 	C:\Users\MSI\.vscode\extensions\redhat.java-1.50.0-win32-x64\jre\21.0.9-win32-x86_64\bin\extnet.dll

JVMTI agents:
c:\Users\MSI\.vscode\extensions\redhat.java-1.50.0-win32-x64\lombok\lombok-1.18.39-4050.jar path:c:\Users\MSI\.vscode\extensions\redhat.java-1.50.0-win32-x64\jre\21.0.9-win32-x86_64\bin\instrument.dll, loaded, initialized, instrumentlib options:none

dbghelp: loaded successfully - version: 4.0.5 - missing functions: none
symbol engine: initialized successfully - sym options: 0x614 - pdb path: .;c:\Users\MSI\.vscode\extensions\redhat.java-1.50.0-win32-x64\jre\21.0.9-win32-x86_64\bin;C:\WINDOWS\SYSTEM32;C:\WINDOWS\WinSxS\amd64_microsoft.windows.common-controls_6595b64144ccf1df_6.0.26100.7309_none_3e05feeae336a044;c:\Users\MSI\.vscode\extensions\redhat.java-1.50.0-win32-x64\jre\21.0.9-win32-x86_64\bin\server;C:\Users\MSI\AppData\Roaming\Code\User\globalStorage\redhat.java\1.50.0\config_win\org.eclipse.equinox.launcher\org.eclipse.equinox.launcher.win32.win32.x86_64_1.2.1400.v20250801-0854;C:\Users\MSI\AppData\Local\Temp\jna-76643

VM Arguments:
jvm_args: --add-modules=ALL-SYSTEM --add-opens=java.base/java.util=ALL-UNNAMED --add-opens=java.base/java.lang=ALL-UNNAMED --add-opens=java.base/sun.nio.fs=ALL-UNNAMED -Declipse.application=org.eclipse.jdt.ls.core.id1 -Dosgi.bundles.defaultStartLevel=4 -Declipse.product=org.eclipse.jdt.ls.core.product -Djava.import.generatesMetadataFilesAtProjectRoot=false -DDetectVMInstallationsJob.disabled=true -Dfile.encoding=utf8 -XX:+UseParallelGC -XX:GCTimeRatio=4 -XX:AdaptiveSizePolicyWeight=90 -Dsun.zip.disableMemoryMapping=true -Xmx2G -Xms100m -Xlog:disable -javaagent:c:\Users\MSI\.vscode\extensions\redhat.java-1.50.0-win32-x64\lombok\lombok-1.18.39-4050.jar -XX:+HeapDumpOnOutOfMemoryError -XX:HeapDumpPath=c:\Users\MSI\AppData\Roaming\Code\User\workspaceStorage\406cc2c16eb1ae7f946f23df1014b586\redhat.java -Daether.dependencyCollector.impl=bf 
java_command: c:\Users\MSI\.vscode\extensions\redhat.java-1.50.0-win32-x64\server\plugins\org.eclipse.equinox.launcher_1.7.100.v20251111-0406.jar -configuration c:\Users\MSI\AppData\Roaming\Code\User\globalStorage\redhat.java\1.50.0\config_win -data c:\Users\MSI\AppData\Roaming\Code\User\workspaceStorage\406cc2c16eb1ae7f946f23df1014b586\redhat.java\jdt_ws --pipe=\\.\pipe\lsp-b26cc3c6ef0a933e5c721303174c4be8-sock
java_class_path (initial): c:\Users\MSI\.vscode\extensions\redhat.java-1.50.0-win32-x64\server\plugins\org.eclipse.equinox.launcher_1.7.100.v20251111-0406.jar
Launcher Type: SUN_STANDARD

[Global flags]
    uintx AdaptiveSizePolicyWeight                 = 90                                        {product} {command line}
     intx CICompilerCount                          = 12                                        {product} {ergonomic}
    uintx GCTimeRatio                              = 4                                         {product} {command line}
     bool HeapDumpOnOutOfMemoryError               = true                                   {manageable} {command line}
    ccstr HeapDumpPath                             = c:\Users\MSI\AppData\Roaming\Code\User\workspaceStorage\406cc2c16eb1ae7f946f23df1014b586\redhat.java         {manageable} {command line}
   size_t InitialHeapSize                          = 104857600                                 {product} {command line}
   size_t MaxHeapSize                              = 2147483648                                {product} {command line}
   size_t MaxNewSize                               = 715653120                                 {product} {ergonomic}
   size_t MinHeapDeltaBytes                        = 524288                                    {product} {ergonomic}
   size_t MinHeapSize                              = 104857600                                 {product} {command line}
   size_t NewSize                                  = 34603008                                  {product} {ergonomic}
    uintx NonNMethodCodeHeapSize                   = 7602480                                {pd product} {ergonomic}
    uintx NonProfiledCodeHeapSize                  = 122027880                              {pd product} {ergonomic}
   size_t OldSize                                  = 70254592                                  {product} {ergonomic}
    uintx ProfiledCodeHeapSize                     = 122027880                              {pd product} {ergonomic}
    uintx ReservedCodeCacheSize                    = 251658240                              {pd product} {ergonomic}
     bool SegmentedCodeCache                       = true                                      {product} {ergonomic}
   size_t SoftMaxHeapSize                          = 2147483648                             {manageable} {ergonomic}
     bool UseCompressedOops                        = true                           {product lp64_product} {ergonomic}
     bool UseLargePagesIndividualAllocation        = false                                  {pd product} {ergonomic}
     bool UseParallelGC                            = true                                      {product} {command line}

Logging:
Log output configuration:
 #0: stdout all=off uptime,level,tags foldmultilines=false
 #1: stderr all=off uptime,level,tags foldmultilines=false

Release file:
JAVA_VERSION="21.0.9" 
MODULES="java.base java.compiler java.datatransfer java.xml java.prefs java.desktop java.instrument java.logging java.management java.security.sasl java.naming java.rmi java.management.rmi java.net.http java.scripting java.security.jgss java.transaction.xa java.sql java.sql.rowset java.xml.crypto java.se java.smartcardio jdk.accessibility jdk.internal.jvmstat jdk.attach jdk.charsets jdk.internal.opt jdk.zipfs jdk.compiler jdk.crypto.ec jdk.crypto.cryptoki jdk.crypto.mscapi jdk.dynalink jdk.internal.ed jdk.editpad jdk.hotspot.agent jdk.httpserver jdk.internal.le jdk.internal.vm.ci jdk.internal.vm.compiler jdk.internal.vm.compiler.management jdk.jartool jdk.javadoc jdk.jcmd jdk.management jdk.management.agent jdk.jconsole jdk.jdeps jdk.jdwp.agent jdk.jdi jdk.jfr jdk.jshell jdk.jsobject jdk.jstatd jdk.localedata jdk.management.jfr jdk.naming.dns jdk.naming.rmi jdk.net jdk.nio.mapmode jdk.random jdk.sctp jdk.security.auth jdk.security.jgss jdk.unsupported jdk.unsupported.desktop jdk.xml.dom" 

Environment Variables:
JAVA_HOME=C:\Program Files\Java\jdk-23
PATH=C:\Program Files (x86)\Microsoft SDKs\Azure\CLI2\wbin;C:\Program Files (x86)\VMware\VMware Workstation\bin\;C:\app\Admin\db_home\bin;C:\Program Files\Common Files\Oracle\Java\javapath;C:\Program Files (x86)\Common Files\Oracle\Java\javapath;C:\WINDOWS\system32;C:\WINDOWS;C:\WINDOWS\System32\Wbem;C:\WINDOWS\System32\WindowsPowerShell\v1.0\;C:\WINDOWS\System32\OpenSSH\;C:\Program Files\dotnet\;C:\Program Files\nodejs\;%JAVA_HOME;C:\Program Files (x86)\apache-maven-3.9.9\bin;C:\Program Files (x86)\NVIDIA Corporation\PhysX\Common;C:\Program Files\NVIDIA Corporation\NVIDIA app\NvDLISR;C:\Program Files\Microsoft SQL Server\Client SDK\ODBC\170\Tools\Binn\;C:\Program Files (x86)\Microsoft SQL Server\160\Tools\Binn\;C:\Program Files\Microsoft SQL Server\160\Tools\Binn\;C:\Program Files\Microsoft SQL Server\160\DTS\Binn\;C:\Program Files\Git\cmd;C:\Program Files\Docker\Docker\resources\bin;C:\Program Files\AntiMicroX\bin;C:\Users\MSI\Desktop\flutter\bin;C:\Users\MSI\Desktop\sonar\sonarscanner\bin;C:\Users\MSI\AppData\Local\Programs\Python\Python39\Scripts\;C:\Users\MSI\AppData\Local\Programs\Python\Python39\;C:\Users\MSI\AppData\Local\Microsoft\WindowsApps;C:\Users\MSI\AppData\Local\Programs\Microsoft VS Code\bin;C:\Users\MSI\.dotnet\tools;C:\Users\MSI\AppData\Roaming\npm;C:\Program Files\nodejs\;C:\Program Files\JetBrains\IntelliJ IDEA 2024.3\bin;C:\Program Files\JetBrains\IntelliJ IDEA Community Edition 2024.3\bin;C:\Users\MSI\AMPL;C:\Users\MSI\AMPL\solvers;C:\Users\MSI\.lmstudio\bin;C:\Users\MSI\AppData\Local\Microsoft\WindowsApps;C:\Program Files\JetBrains\IntelliJ IDEA 2024.3.5\bin;;C:\Users\MSI\AppData\Local\Programs\cursor\resources\app\bin;C:\ngrok\ngrok.exe;C:\Users\MSI\Desktop\flutter\bin;C:\Users\MSI\AppData\Local\Android\cmdline-tools\latest\bin;C:\Users\MSI\AppData\Local\Android\sdk\platform-tools;C:\Users\MSI\AppData\Local\Pub\Cache\bin;
USERNAME=MSI
OS=Windows_NT
PROCESSOR_IDENTIFIER=Intel64 Family 6 Model 186 Stepping 2, GenuineIntel
TMP=C:\Users\MSI\AppData\Local\Temp
TEMP=C:\Users\MSI\AppData\Local\Temp




Periodic native trim disabled

---------------  S Y S T E M  ---------------

OS:
 Windows 11 , 64 bit Build 26100 (10.0.26100.7309)
OS uptime: 7 days 12:57 hours
Hyper-V role detected

CPU: total 16 (initial active 16) (8 cores per cpu, 2 threads per core) family 6 model 186 stepping 2 microcode 0x410e, cx8, cmov, fxsr, ht, mmx, 3dnowpref, sse, sse2, sse3, ssse3, sse4.1, sse4.2, popcnt, lzcnt, tsc, tscinvbit, avx, avx2, aes, erms, clmul, bmi1, bmi2, adx, sha, fma, vzeroupper, clflush, clflushopt, clwb, hv, serialize, rdtscp, rdpid, fsrm, f16c, cet_ibt, cet_ss
Processor Information for processor 0
  Max Mhz: 2400, Current Mhz: 2400, Mhz Limit: 2400
Processor Information for processor 1
  Max Mhz: 2400, Current Mhz: 2400, Mhz Limit: 2400
Processor Information for processor 2
  Max Mhz: 2400, Current Mhz: 2400, Mhz Limit: 2400
Processor Information for processor 3
  Max Mhz: 2400, Current Mhz: 2400, Mhz Limit: 2400
Processor Information for processor 4
  Max Mhz: 2400, Current Mhz: 2400, Mhz Limit: 2400
Processor Information for processor 5
  Max Mhz: 2400, Current Mhz: 2400, Mhz Limit: 2400
Processor Information for processor 6
  Max Mhz: 2400, Current Mhz: 2400, Mhz Limit: 2400
Processor Information for processor 7
  Max Mhz: 2400, Current Mhz: 2400, Mhz Limit: 2400
Processor Information for processor 8
  Max Mhz: 2400, Current Mhz: 2400, Mhz Limit: 2400
Processor Information for processor 9
  Max Mhz: 2400, Current Mhz: 2400, Mhz Limit: 2400
Processor Information for processor 10
  Max Mhz: 2400, Current Mhz: 2400, Mhz Limit: 2400
Processor Information for processor 11
  Max Mhz: 2400, Current Mhz: 2400, Mhz Limit: 2400
Processor Information for processor 12
  Max Mhz: 2400, Current Mhz: 2400, Mhz Limit: 2400
Processor Information for processor 13
  Max Mhz: 2400, Current Mhz: 1466, Mhz Limit: 2400
Processor Information for processor 14
  Max Mhz: 2400, Current Mhz: 1466, Mhz Limit: 2400
Processor Information for processor 15
  Max Mhz: 2400, Current Mhz: 2400, Mhz Limit: 2400

Memory: 4k page, system-wide physical 16155M (153M free)
TotalPageFile size 47978M (AvailPageFile size 860M)
current process WorkingSet (physical memory assigned to process): 7M, peak: 749M
current process commit charge ("private bytes"): 830M, peak: 840M

vm_info: OpenJDK 64-Bit Server VM (21.0.9+10-LTS) for windows-amd64 JRE (21.0.9+10-LTS), built on 2025-10-21T00:00:00Z by "admin" with unknown MS VC++:1942

END.
